<?xml version="1.0" encoding="UTF-8"?>
<testng-results ignored="0" total="1" passed="0" failed="1" skipped="0">
  <reporter-output>
  </reporter-output>
  <suite started-at="2020-10-06T15:51:37 MST" name="Default suite" finished-at="2020-10-06T15:51:57 MST" duration-ms="19838">
    <groups>
    </groups>
    <test started-at="2020-10-06T15:51:37 MST" name="Default test" finished-at="2020-10-06T15:51:57 MST" duration-ms="19838">
      <class name="com.selenium.PracticalAssessment.WayfairTest">
        <test-method is-config="true" signature="beforeClass()[pri:0, instance:com.selenium.PracticalAssessment.WayfairTest@30b7c004]" started-at="2020-10-06T15:51:37 MST" name="beforeClass" finished-at="2020-10-06T15:51:47 MST" duration-ms="9498" status="PASS">
          <reporter-output>
          </reporter-output>
        </test-method> <!-- beforeClass -->
        <test-method signature="wayfair()[pri:0, instance:com.selenium.PracticalAssessment.WayfairTest@30b7c004]" started-at="2020-10-06T15:51:47 MST" name="wayfair" finished-at="2020-10-06T15:51:55 MST" duration-ms="8827" status="FAIL">
          <exception class="org.openqa.selenium.NoSuchElementException">
            <message>
              <![CDATA[Cannot locate an element using css selector=#bd > div.BrowseCore-content > div.Grid.Grid--fullBleed.Grid--useNewBreakpoints.u-flexWrap.BrowseProductGrid > div:nth-child(12) > div > div > div > a > div.ProductCard-details > div.ProductCard-reviews > div > p.pl-ReviewStars-reviews
For documentation on this error, please visit: http://seleniumhq.org/exceptions/no_such_element.html
Build info: version: '3.141.0', revision: '2ecb7d9a', time: '2018-10-31T20:09:30'
System info: host: 'USORNNIHANDA3', ip: '192.168.86.235', os.name: 'Windows 10', os.arch: 'amd64', os.version: '10.0', java.version: '14.0.2'
Driver info: driver.version: RemoteWebDriver]]>
            </message>
            <full-stacktrace>
              <![CDATA[org.openqa.selenium.NoSuchElementException: Cannot locate an element using css selector=#bd > div.BrowseCore-content > div.Grid.Grid--fullBleed.Grid--useNewBreakpoints.u-flexWrap.BrowseProductGrid > div:nth-child(12) > div > div > div > a > div.ProductCard-details > div.ProductCard-reviews > div > p.pl-ReviewStars-reviews
For documentation on this error, please visit: http://seleniumhq.org/exceptions/no_such_element.html
Build info: version: '3.141.0', revision: '2ecb7d9a', time: '2018-10-31T20:09:30'
System info: host: 'USORNNIHANDA3', ip: '192.168.86.235', os.name: 'Windows 10', os.arch: 'amd64', os.version: '10.0', java.version: '14.0.2'
Driver info: driver.version: RemoteWebDriver
at org.openqa.selenium.remote.RemoteWebDriver.findElement(RemoteWebDriver.java:327)
at org.openqa.selenium.remote.RemoteWebDriver.findElementByCssSelector(RemoteWebDriver.java:420)
at org.openqa.selenium.By$ByCssSelector.findElement(By.java:431)
at org.openqa.selenium.remote.RemoteWebDriver.findElement(RemoteWebDriver.java:315)
at com.selenium.PracticalAssessment.WayfairTest.wayfair(WayfairTest.java:27)
at java.base/jdk.internal.reflect.NativeMethodAccessorImpl.invoke0(Native Method)
at java.base/jdk.internal.reflect.NativeMethodAccessorImpl.invoke(NativeMethodAccessorImpl.java:62)
at java.base/jdk.internal.reflect.DelegatingMethodAccessorImpl.invoke(DelegatingMethodAccessorImpl.java:43)
at java.base/java.lang.reflect.Method.invoke(Method.java:564)
at org.testng.internal.MethodInvocationHelper.invokeMethod(MethodInvocationHelper.java:132)
at org.testng.internal.TestInvoker.invokeMethod(TestInvoker.java:599)
at org.testng.internal.TestInvoker.invokeTestMethod(TestInvoker.java:174)
at org.testng.internal.MethodRunner.runInSequence(MethodRunner.java:46)
at org.testng.internal.TestInvoker$MethodInvocationAgent.invoke(TestInvoker.java:822)
at org.testng.internal.TestInvoker.invokeTestMethods(TestInvoker.java:147)
at org.testng.internal.TestMethodWorker.invokeTestMethods(TestMethodWorker.java:146)
at org.testng.internal.TestMethodWorker.run(TestMethodWorker.java:128)
at java.base/java.util.ArrayList.forEach(ArrayList.java:1511)
at org.testng.TestRunner.privateRun(TestRunner.java:764)
at org.testng.TestRunner.run(TestRunner.java:585)
at org.testng.SuiteRunner.runTest(SuiteRunner.java:384)
at org.testng.SuiteRunner.runSequentially(SuiteRunner.java:378)
at org.testng.SuiteRunner.privateRun(SuiteRunner.java:337)
at org.testng.SuiteRunner.run(SuiteRunner.java:286)
at org.testng.SuiteRunnerWorker.runSuite(SuiteRunnerWorker.java:53)
at org.testng.SuiteRunnerWorker.run(SuiteRunnerWorker.java:96)
at org.testng.TestNG.runSuitesSequentially(TestNG.java:1218)
at org.testng.TestNG.runSuitesLocally(TestNG.java:1140)
at org.testng.TestNG.runSuites(TestNG.java:1069)
at org.testng.TestNG.run(TestNG.java:1037)
at org.testng.remote.AbstractRemoteTestNG.run(AbstractRemoteTestNG.java:115)
at org.testng.remote.RemoteTestNG.initAndRun(RemoteTestNG.java:251)
at org.testng.remote.RemoteTestNG.main(RemoteTestNG.java:77)
]]>
            </full-stacktrace>
          </exception> <!-- org.openqa.selenium.NoSuchElementException -->
          <reporter-output>
          </reporter-output>
        </test-method> <!-- wayfair -->
        <test-method is-config="true" signature="afterClass()[pri:0, instance:com.selenium.PracticalAssessment.WayfairTest@30b7c004]" started-at="2020-10-06T15:51:55 MST" name="afterClass" finished-at="2020-10-06T15:51:57 MST" duration-ms="1431" status="PASS">
          <reporter-output>
          </reporter-output>
        </test-method> <!-- afterClass -->
      </class> <!-- com.selenium.PracticalAssessment.WayfairTest -->
    </test> <!-- Default test -->
  </suite> <!-- Default suite -->
</testng-results>
